<?xml version="1.0" encoding="UTF-8"?>
<!-- Generated by org.testng.reporters.JUnitReportReporter -->
<testsuite skipped="0" hostname="DESKTOP-Q5E7EOD" name="com.basicsoftwareTest.MavenBasicTest" tests="1" failures="0" timestamp="06 Jul 2018 22:31:30 GMT" time="6.570" errors="0">
  <testcase name="Test" time="6.570" classname="com.basicsoftwareTest.MavenBasicTest"/>
</testsuite> <!-- com.basicsoftwareTest.MavenBasicTest -->
